#
# There is insufficient memory for the Java Runtime Environment to continue.
# Native memory allocation (mmap) failed to map 12884901888 bytes for G1 virtual space
# Possible reasons:
#   The system is out of physical RAM or swap space
#   The process is running with CompressedOops enabled, and the Java Heap may be blocking the growth of the native heap
# Possible solutions:
#   Reduce memory load on the system
#   Increase physical memory or swap space
#   Check if swap backing store is full
#   Decrease Java heap size (-Xmx/-Xms)
#   Decrease number of Java threads
#   Decrease Java thread stack sizes (-Xss)
#   Set larger code cache with -XX:ReservedCodeCacheSize=
#   JVM is running with Zero Based Compressed Oops mode in which the Java heap is
#     placed in the first 32GB address space. The Java Heap base address is the
#     maximum limit for the native heap growth. Please use -XX:HeapBaseMinAddress
#     to set the Java Heap base and to place the Java Heap above 32GB virtual address.
# This output file may be truncated or incomplete.
#
#  Out of Memory Error (os_windows.cpp:3527), pid=14560, tid=4400
#
# JRE version:  (19.0.1+10) (build )
# Java VM: Java HotSpot(TM) 64-Bit Server VM (19.0.1+10-21, mixed mode, sharing, tiered, compressed oops, compressed class ptrs, g1 gc, windows-amd64)
# No core dump will be written. Minidumps are not enabled by default on client versions of Windows
#

---------------  S U M M A R Y ------------

Command Line: -Dfile.encoding=UTF-8 -Xms12288m --module-path=D:\Netbeans-Projects\Algoritmos\build\classes Ordenacao.Main

Host: AMD Ryzen 7 3700X 8-Core Processor             , 16 cores, 15G,  Windows 11 , 64 bit Build 22621 (10.0.22621.755)
Time: Thu Nov 24 22:26:39 2022 Hora Padrão Brasil Central elapsed time: 0.018804 seconds (0d 0h 0m 0s)

---------------  T H R E A D  ---------------

Current thread (0x000002dde0a79500):  JavaThread "Unknown thread" [_thread_in_vm, id=4400, stack(0x000000f8bd900000,0x000000f8bda00000)]

Stack: [0x000000f8bd900000,0x000000f8bda00000]
Native frames: (J=compiled Java code, j=interpreted, Vv=VM code, C=native code)
V  [jvm.dll+0x6ee8fa]
V  [jvm.dll+0x857a1e]
V  [jvm.dll+0x85940e]
V  [jvm.dll+0x859ac3]
V  [jvm.dll+0x28291f]
V  [jvm.dll+0x6eb6e9]
V  [jvm.dll+0x6e028a]
V  [jvm.dll+0x357136]
V  [jvm.dll+0x35eb96]
V  [jvm.dll+0x3b555e]
V  [jvm.dll+0x3b578f]
V  [jvm.dll+0x32c6ea]
V  [jvm.dll+0x32d59e]
V  [jvm.dll+0x821b20]
V  [jvm.dll+0x3c27c1]
V  [jvm.dll+0x8022f1]
V  [jvm.dll+0x44b30f]
V  [jvm.dll+0x44cc91]
C  [jli.dll+0x5287]
C  [ucrtbase.dll+0x29363]
C  [KERNEL32.DLL+0x1244d]
C  [ntdll.dll+0x5dfb8]


---------------  P R O C E S S  ---------------

Threads class SMR info:
_java_thread_list=0x00007ffc5b9cd048, length=0, elements={
}

Java Threads: ( => current thread )

Other Threads:
  0x000002dde0b3a4b0 WorkerThread "GC Thread#0" [stack: 0x000000f8bda00000,0x000000f8bdb00000] [id=15956]
  0x000002dde0b3e2c0 ConcurrentGCThread "G1 Main Marker" [stack: 0x000000f8bdb00000,0x000000f8bdc00000] [id=1348]
  0x000002dde0b3e9a0 WorkerThread "G1 Conc#0" [stack: 0x000000f8bdc00000,0x000000f8bdd00000] [id=6500]

[error occurred during error reporting (printing all threads), id 0xc0000005, EXCEPTION_ACCESS_VIOLATION (0xc0000005) at pc=0x00007ffc5b18d127]

VM state: not at safepoint (not fully initialized)

VM Mutex/Monitor currently owned by a thread:  ([mutex/lock_event])
[0x000002dde0a73fc0] Heap_lock - owner thread: 0x000002dde0a79500

Heap address: 0x0000000500000000, size: 12288 MB, Compressed Oops mode: Zero based, Oop shift amount: 3

CDS archive(s) mapped at: [0x0000000000000000-0x0000000000000000-0x0000000000000000), size 0, SharedBaseAddress: 0x0000000800000000, ArchiveRelocationMode: 0.
Narrow klass base: 0x0000000000000000, Narrow klass shift: 0, Narrow klass range: 0x0

GC Precious Log:
 CardTable entry size: 512
 Card Set container configuration: InlinePtr #cards 4 size 8 Array Of Cards #cards 64 size 144 Howl #buckets 8 coarsen threshold 14745 Howl Bitmap #cards 2048 size 272 coarsen threshold 1843 Card regions per heap region 1 cards per card region 16384

Heap:
 garbage-first heap   total 0K, used 0K [0x0000000500000000, 0x0000000800000000)
  region size 8192K, 0 young (0K), 0 survivors (0K)

[error occurred during error reporting (printing heap information), id 0xc0000005, EXCEPTION_ACCESS_VIOLATION (0xc0000005) at pc=0x00007ffc5b596959]

GC Heap History (0 events):
No events

Dll operation events (1 events):
Event: 0.005 Loaded shared library C:\Program Files\Java\jdk-19\bin\java.dll

Deoptimization events (0 events):
No events

Classes loaded (0 events):
No events

Classes unloaded (0 events):
No events

Classes redefined (0 events):
No events

Internal exceptions (0 events):
No events

VM Operations (0 events):
No events

Events (0 events):
No events


Dynamic libraries:
0x00007ff7ea7e0000 - 0x00007ff7ea7f0000 	C:\Program Files\Java\jdk-19\bin\java.exe
0x00007ffcd1070000 - 0x00007ffcd1284000 	C:\Windows\SYSTEM32\ntdll.dll
0x00007ffcd0da0000 - 0x00007ffcd0e62000 	C:\Windows\System32\KERNEL32.DLL
0x00007ffccea50000 - 0x00007ffcceded000 	C:\Windows\System32\KERNELBASE.dll
0x00007ffcce930000 - 0x00007ffccea41000 	C:\Windows\System32\ucrtbase.dll
0x00007ffcafc50000 - 0x00007ffcafc6b000 	C:\Program Files\Java\jdk-19\bin\VCRUNTIME140.dll
0x00007ffca5800000 - 0x00007ffca5818000 	C:\Program Files\Java\jdk-19\bin\jli.dll
0x00007ffccf580000 - 0x00007ffccf62e000 	C:\Windows\System32\ADVAPI32.dll
0x00007ffccf450000 - 0x00007ffccf4f7000 	C:\Windows\System32\msvcrt.dll
0x00007ffccefa0000 - 0x00007ffccf044000 	C:\Windows\System32\sechost.dll
0x00007ffccf330000 - 0x00007ffccf445000 	C:\Windows\System32\RPCRT4.dll
0x00007ffccff40000 - 0x00007ffcd00ea000 	C:\Windows\System32\USER32.dll
0x00007ffcce900000 - 0x00007ffcce926000 	C:\Windows\System32\win32u.dll
0x00007ffcb7480000 - 0x00007ffcb770e000 	C:\Windows\WinSxS\amd64_microsoft.windows.common-controls_6595b64144ccf1df_6.0.22621.608_none_a9444ca7c10bb01d\COMCTL32.dll
0x00007ffccee70000 - 0x00007ffccee99000 	C:\Windows\System32\GDI32.dll
0x00007ffcce7e0000 - 0x00007ffcce8f2000 	C:\Windows\System32\gdi32full.dll
0x00007ffcce6d0000 - 0x00007ffcce76a000 	C:\Windows\System32\msvcp_win.dll
0x00007ffcc7910000 - 0x00007ffcc791a000 	C:\Windows\SYSTEM32\VERSION.dll
0x00007ffccf050000 - 0x00007ffccf082000 	C:\Windows\System32\IMM32.DLL
0x00007ffcc5c20000 - 0x00007ffcc5c2c000 	C:\Program Files\Java\jdk-19\bin\vcruntime140_1.dll
0x00007ffca0380000 - 0x00007ffca040e000 	C:\Program Files\Java\jdk-19\bin\msvcp140.dll
0x00007ffc5ae50000 - 0x00007ffc5bb10000 	C:\Program Files\Java\jdk-19\bin\server\jvm.dll
0x00007ffcc8620000 - 0x00007ffcc8654000 	C:\Windows\SYSTEM32\WINMM.dll
0x00007ffcc9110000 - 0x00007ffcc9119000 	C:\Windows\SYSTEM32\WSOCK32.dll
0x00007ffccf090000 - 0x00007ffccf101000 	C:\Windows\System32\WS2_32.dll
0x00007ffccd4c0000 - 0x00007ffccd4d8000 	C:\Windows\SYSTEM32\kernel.appcore.dll
0x00007ffcbe100000 - 0x00007ffcbe10a000 	C:\Program Files\Java\jdk-19\bin\jimage.dll
0x00007ffcc7970000 - 0x00007ffcc7b9e000 	C:\Windows\SYSTEM32\DBGHELP.DLL
0x00007ffccfb40000 - 0x00007ffccfeca000 	C:\Windows\System32\combase.dll
0x00007ffcd00f0000 - 0x00007ffcd01c7000 	C:\Windows\System32\OLEAUT32.dll
0x00007ffcbe570000 - 0x00007ffcbe5a2000 	C:\Windows\SYSTEM32\dbgcore.DLL
0x00007ffccedf0000 - 0x00007ffccee6b000 	C:\Windows\System32\bcryptPrimitives.dll
0x00007ffca83f0000 - 0x00007ffca8416000 	C:\Program Files\Java\jdk-19\bin\java.dll

dbghelp: loaded successfully - version: 4.0.5 - missing functions: none
symbol engine: initialized successfully - sym options: 0x614 - pdb path: .;C:\Program Files\Java\jdk-19\bin;C:\Windows\SYSTEM32;C:\Windows\WinSxS\amd64_microsoft.windows.common-controls_6595b64144ccf1df_6.0.22621.608_none_a9444ca7c10bb01d;C:\Program Files\Java\jdk-19\bin\server

VM Arguments:
jvm_args: -Dfile.encoding=UTF-8 -Xms12288m --module-path=D:\Netbeans-Projects\Algoritmos\build\classes 
java_command: Ordenacao.Main
java_class_path (initial): D:\Netbeans-Projects\Algoritmos\build\classes
Launcher Type: SUN_STANDARD

[Global flags]
     intx CICompilerCount                          = 12                                        {product} {ergonomic}
     uint ConcGCThreads                            = 3                                         {product} {ergonomic}
     uint G1ConcRefinementThreads                  = 13                                        {product} {ergonomic}
   size_t G1HeapRegionSize                         = 8388608                                   {product} {ergonomic}
    uintx GCDrainStackTargetSize                   = 64                                        {product} {ergonomic}
   size_t InitialHeapSize                          = 12884901888                               {product} {command line}
   size_t MarkStackSize                            = 4194304                                   {product} {ergonomic}
   size_t MaxHeapSize                              = 12884901888                               {product} {ergonomic}
   size_t MinHeapDeltaBytes                        = 8388608                                   {product} {ergonomic}
   size_t MinHeapSize                              = 12884901888                               {product} {command line}
    uintx NonNMethodCodeHeapSize                   = 7602480                                {pd product} {ergonomic}
    uintx NonProfiledCodeHeapSize                  = 122027880                              {pd product} {ergonomic}
    uintx ProfiledCodeHeapSize                     = 122027880                              {pd product} {ergonomic}
    uintx ReservedCodeCacheSize                    = 251658240                              {pd product} {ergonomic}
     bool SegmentedCodeCache                       = true                                      {product} {ergonomic}
   size_t SoftMaxHeapSize                          = 12884901888                            {manageable} {ergonomic}
     bool UseCompressedClassPointers               = true                           {product lp64_product} {ergonomic}
     bool UseCompressedOops                        = true                           {product lp64_product} {ergonomic}
     bool UseG1GC                                  = true                                      {product} {ergonomic}
     bool UseLargePagesIndividualAllocation        = false                                  {pd product} {ergonomic}

Logging:
Log output configuration:
 #0: stdout all=warning uptime,level,tags foldmultilines=false
 #1: stderr all=off uptime,level,tags foldmultilines=false

Environment Variables:
PATH=C:\ProgramData\Oracle\Java\javapath;C:\Program Files\Common Files\Oracle\Java\javapath;C:\Windows\system32;C:\Windows;C:\Windows\System32\Wbem;C:\Windows\System32\WindowsPowerShell\v1.0\;C:\Windows\System32\OpenSSH\;C:\Program Files\dotnet\;C:\Program Files\Git\cmd;C:\Users\flavi\AppData\Local\Programs\Python\Python311\Scripts\;C:\Users\flavi\AppData\Local\Programs\Python\Python311\;C:\Users\flavi\AppData\Local\Microsoft\WindowsApps;C:\Users\flavi\AppData\Local\GitHubDesktop\bin;C:\Users\flavi\AppData\Local\Programs\Microsoft VS Code\bin
USERNAME=Flavio
OS=Windows_NT
PROCESSOR_IDENTIFIER=AMD64 Family 23 Model 113 Stepping 0, AuthenticAMD
TMP=C:\Users\flavi\AppData\Local\Temp
TEMP=C:\Users\flavi\AppData\Local\Temp



---------------  S Y S T E M  ---------------

OS:
 Windows 11 , 64 bit Build 22621 (10.0.22621.755)
OS uptime: 5 days 4:08 hours

CPU: total 16 (initial active 16) (16 cores per cpu, 2 threads per core) family 23 model 113 stepping 0 microcode 0x0, cx8, cmov, fxsr, ht, mmx, 3dnowpref, sse, sse2, sse3, ssse3, sse4a, sse4.1, sse4.2, popcnt, lzcnt, tsc, tscinvbit, avx, avx2, aes, clmul, bmi1, bmi2, adx, sha, fma, vzeroupper, clflush, clflushopt, rdtscp, rdpid

Memory: 4k page, system-wide physical 16337M (9967M free)
TotalPageFile size 24419M (AvailPageFile size 2512M)
current process WorkingSet (physical memory assigned to process): 11M, peak: 11M
current process commit charge ("private bytes"): 71M, peak: 12359M

vm_info: Java HotSpot(TM) 64-Bit Server VM (19.0.1+10-21) for windows-amd64 JRE (19.0.1+10-21), built on 2022-09-14T12:45:06Z by "mach5one" with MS VC++ 17.1 (VS2022)

END.
